<?xml version="1.0" encoding="UTF-8"?>
<testsuite name="[24] org.eclipse.fennec.weather.sensinact.mmt.test;1.0.0.202507021240-SNAPSHOT" tests="1" skipped="0" failures="1" errors="0" time="80.023" hostname="ilenia-XPS-15-9520" timestamp="2025-07-02T14:47:07">
<properties>
<property name="file.encoding" value="UTF-8"/>
<property name="file.separator" value="/"/>
<property name="java.class.path" value="/opt/git/urban-data-platform/backend/cnf/cache/7.1.0/bnd-cache/biz.aQute.launcher/biz.aQute.launcher.pre.jar"/>
<property name="java.class.version" value="65.0"/>
<property name="java.home" value="/usr/lib/jvm/java-21-openjdk-amd64"/>
<property name="java.io.tmpdir" value="/tmp"/>
<property name="java.library.path" value="/usr/java/packages/lib:/usr/lib/x86_64-linux-gnu/jni:/lib/x86_64-linux-gnu:/usr/lib/x86_64-linux-gnu:/usr/lib/jni:/lib:/usr/lib"/>
<property name="java.runtime.name" value="OpenJDK Runtime Environment"/>
<property name="java.runtime.version" value="21.0.7+6-Ubuntu-0ubuntu124.04"/>
<property name="java.specification.name" value="Java Platform API Specification"/>
<property name="java.specification.vendor" value="Oracle Corporation"/>
<property name="java.specification.version" value="21"/>
<property name="java.vendor" value="Ubuntu"/>
<property name="java.vendor.url" value="https://ubuntu.com/"/>
<property name="java.vendor.url.bug" value="https://bugs.launchpad.net/ubuntu/+source/openjdk-21"/>
<property name="java.version" value="21.0.7"/>
<property name="java.version.date" value="2025-04-15"/>
<property name="java.vm.compressedOopsMode" value="Zero based"/>
<property name="java.vm.info" value="mixed mode, sharing"/>
<property name="java.vm.name" value="OpenJDK 64-Bit Server VM"/>
<property name="java.vm.specification.name" value="Java Virtual Machine Specification"/>
<property name="java.vm.specification.vendor" value="Oracle Corporation"/>
<property name="java.vm.specification.version" value="21"/>
<property name="java.vm.vendor" value="Ubuntu"/>
<property name="java.vm.version" value="21.0.7+6-Ubuntu-0ubuntu124.04"/>
<property name="jdk.debug" value="release"/>
<property name="launch.activation.eager" value="false"/>
<property name="launch.activators" value=""/>
<property name="launch.bundles" value="/home/ilenia/.m2/repository/org/assertj/assertj-core/3.24.2/assertj-core-3.24.2.jar,/home/ilenia/.m2/repository/com/fasterxml/jackson/core/jackson-annotations/2.16.0/jackson-annotations-2.16.0.jar,/home/ilenia/.m2/repository/com/fasterxml/jackson/core/jackson-core/2.16.0/jackson-core-2.16.0.jar,/home/ilenia/.m2/repository/com/fasterxml/jackson/core/jackson-databind/2.16.0/jackson-databind-2.16.0.jar,/home/ilenia/.m2/repository/org/junit/jupiter/junit-jupiter-api/5.10.1/junit-jupiter-api-5.10.1.jar,/home/ilenia/.m2/repository/org/junit/jupiter/junit-jupiter-params/5.10.1/junit-jupiter-params-5.10.1.jar,/home/ilenia/.m2/repository/org/junit/platform/junit-platform-commons/1.10.1/junit-platform-commons-1.10.1.jar,/home/ilenia/.m2/repository/lpg/runtime/java/2.0.17-v201004271640/java-2.0.17-v201004271640.jar,/home/ilenia/.m2/repository/net/bytebuddy/byte-buddy/1.14.9/byte-buddy-1.14.9.jar,/home/ilenia/.m2/repository/org/apache/felix/org.apache.felix.cm.json/2.0.0/org.apache.felix.cm.json-2.0.0.jar,/home/ilenia/.m2/repository/org/apache/felix/org.apache.felix.configadmin/1.9.26/org.apache.felix.configadmin-1.9.26.jar,/home/ilenia/.m2/repository/org/apache/felix/org.apache.felix.configurator/1.0.18/org.apache.felix.configurator-1.0.18.jar,/home/ilenia/.m2/repository/org/apache/felix/org.apache.felix.gogo.command/1.1.2/org.apache.felix.gogo.command-1.1.2.jar,/home/ilenia/.m2/repository/org/apache/felix/org.apache.felix.gogo.runtime/1.1.6/org.apache.felix.gogo.runtime-1.1.6.jar,/home/ilenia/.m2/repository/org/apache/felix/org.apache.felix.gogo.shell/1.1.4/org.apache.felix.gogo.shell-1.1.4.jar,/home/ilenia/.m2/repository/org/apache/felix/org.apache.felix.scr/2.2.12/org.apache.felix.scr-2.2.12.jar,/home/ilenia/.m2/repository/org/eclipse/emf/org.eclipse.emf.common/2.29.0/org.eclipse.emf.common-2.29.0.jar,/home/ilenia/.m2/repository/org/eclipse/emf/org.eclipse.emf.ecore/2.35.0/+org.eclipse.emf.ecore-2.35.0.jar,/home/ilenia/.m2/repository/org/eclipse/emf/org.eclipse.emf.ecore.change/2.15.0/org.eclipse.emf.ecore.change-2.15.0.jar,/home/ilenia/.m2/repository/org/eclipse/emf/org.eclipse.emf.ecore.xmi/2.36.0/org.eclipse.emf.ecore.xmi-2.36.0.jar,/home/ilenia/.m2/repository/org/eclipse/platform/org.eclipse.equinox.supplement/1.11.100/org.eclipse.equinox.supplement-1.11.100.jar,/home/ilenia/.m2/repository/org/geckoprojects/qvto/org.eclipse.fennec.qvt.component/1.1.0-SNAPSHOT/org.eclipse.fennec.qvt.component-1.1.0-SNAPSHOT.jar,/opt/git/urban-data-platform/backend/org.eclipse.fennec.weather.sensinact.mmt/generated/org.eclipse.fennec.weather.sensinact.mmt.jar,/opt/git/urban-data-platform/backend/org.eclipse.fennec.weather.sensinact.mmt.test/generated/org.eclipse.fennec.weather.sensinact.mmt.test.jar,/opt/git/urban-data-platform/backend/org.eclipse.fennec.weather.sensinact.model/generated/org.eclipse.fennec.weather.sensinact.model.jar,/home/ilenia/.m2/repository/org/geckoprojects/qvto/org.eclipse.m2m.qvt.oml/1.0.0-SNAPSHOT/org.eclipse.m2m.qvt.oml-1.0.0-SNAPSHOT.jar,/home/ilenia/.m2/repository/org/geckoprojects/qvto/org.eclipse.m2m.qvt.oml.common/1.0.0-SNAPSHOT/org.eclipse.m2m.qvt.oml.common-1.0.0-SNAPSHOT.jar,/home/ilenia/.m2/repository/org/geckoprojects/qvto/org.eclipse.m2m.qvt.oml.cst.parser/1.0.0-SNAPSHOT/org.eclipse.m2m.qvt.oml.cst.parser-1.0.0-SNAPSHOT.jar,/home/ilenia/.m2/repository/org/geckoprojects/qvto/org.eclipse.m2m.qvt.oml.ecore.imperativeocl/1.0.0-SNAPSHOT/org.eclipse.m2m.qvt.oml.ecore.imperativeocl-1.0.0-SNAPSHOT.jar,/home/ilenia/.m2/repository/org/geckoprojects/qvto/org.eclipse.m2m.qvt.oml.emf.util/1.0.0-SNAPSHOT/org.eclipse.m2m.qvt.oml.emf.util-1.0.0-SNAPSHOT.jar,/home/ilenia/.m2/repository/org/geckoprojects/qvto/org.eclipse.m2m.qvt.oml.ocl/1.0.0-SNAPSHOT/org.eclipse.m2m.qvt.oml.ocl-1.0.0-SNAPSHOT.jar,/home/ilenia/.m2/repository/org/geckoprojects/qvto/org.eclipse.ocl/1.0.0-SNAPSHOT/org.eclipse.ocl-1.0.0-SNAPSHOT.jar,/home/ilenia/.m2/repository/org/geckoprojects/qvto/org.eclipse.ocl.common/1.0.0-SNAPSHOT/org.eclipse.ocl.common-1.0.0-SNAPSHOT.jar,/home/ilenia/.m2/repository/org/geckoprojects/qvto/org.eclipse.ocl.ecore/1.0.0-SNAPSHOT/org.eclipse.ocl.ecore-1.0.0-SNAPSHOT.jar,/home/ilenia/.m2/repository/org/eclipse/parsson/jakarta.json/1.1.5/jakarta.json-1.1.5.jar,/home/ilenia/.m2/repository/org/eclipse/sensinact/gateway/core/geo-json/0.0.2-SNAPSHOT/geo-json-0.0.2-SNAPSHOT.jar,/home/ilenia/.m2/repository/org/eclipse/sensinact/gateway/core/models/provider/0.0.2-SNAPSHOT/provider-0.0.2-SNAPSHOT.jar,/home/ilenia/.m2/repository/org/geckoprojects/emf/org.gecko.emf.osgi.component.minimal/6.3.0/org.gecko.emf.osgi.component.minimal-6.3.0.jar,/home/ilenia/.m2/repository/org/geckoprojects/weather/org.gecko.weather.model/1.1.0-SNAPSHOT/org.gecko.weather.model-1.1.0-SNAPSHOT.jar,/home/ilenia/.m2/repository/org/opentest4j/opentest4j/1.3.0/opentest4j-1.3.0.jar,/home/ilenia/.m2/repository/org/osgi/org.osgi.service.cm/1.6.1/org.osgi.service.cm-1.6.1.jar,/home/ilenia/.m2/repository/org/osgi/org.osgi.service.component/1.5.1/org.osgi.service.component-1.5.1.jar,/home/ilenia/.m2/repository/org/osgi/org.osgi.service.log/1.5.0/org.osgi.service.log-1.5.0.jar,/home/ilenia/.m2/repository/org/osgi/org.osgi.test.common/1.2.1/org.osgi.test.common-1.2.1.jar,/home/ilenia/.m2/repository/org/osgi/org.osgi.test.junit5/1.2.1/org.osgi.test.junit5-1.2.1.jar,/home/ilenia/.m2/repository/org/osgi/org.osgi.test.junit5.cm/1.2.1/org.osgi.test.junit5.cm-1.2.1.jar,/home/ilenia/.m2/repository/org/osgi/org.osgi.util.converter/1.0.9/org.osgi.util.converter-1.0.9.jar,/home/ilenia/.m2/repository/org/osgi/org.osgi.util.function/1.2.0/org.osgi.util.function-1.2.0.jar,/home/ilenia/.m2/repository/org/osgi/org.osgi.util.promise/1.3.0/org.osgi.util.promise-1.3.0.jar,/home/ilenia/.m2/repository/org/junit/platform/junit-platform-engine/1.10.1/junit-platform-engine-1.10.1.jar,/home/ilenia/.m2/repository/org/apiguardian/apiguardian-api/1.1.2/apiguardian-api-1.1.2.jar,/home/ilenia/.m2/repository/org/junit/jupiter/junit-jupiter-engine/5.10.1/junit-jupiter-engine-5.10.1.jar,/home/ilenia/.m2/repository/org/mockito/mockito-core/4.11.0/mockito-core-4.11.0.jar,/home/ilenia/.m2/repository/org/mockito/mockito-junit-jupiter/4.11.0/mockito-junit-jupiter-4.11.0.jar,/home/ilenia/.m2/repository/org/objenesis/objenesis/3.3/objenesis-3.3.jar,/home/ilenia/.m2/repository/org/osgi/org.osgi.test.assertj.framework/1.2.1/org.osgi.test.assertj.framework-1.2.1.jar,/home/ilenia/.m2/repository/net/bytebuddy/byte-buddy-agent/1.14.9/byte-buddy-agent-1.14.9.jar,/opt/git/urban-data-platform/backend/cnf/cache/7.1.0/bnd-cache/biz.aQute.tester.junit-platform/biz.aQute.tester.junit-platform-7.1.0.jar,/home/ilenia/.m2/repository/org/junit/platform/junit-platform-launcher/1.10.1/junit-platform-launcher-1.10.1.jar"/>
<property name="launch.embedded" value="false"/>
<property name="launch.framework.restart" value="false"/>
<property name="launch.framework.restart.count" value="0"/>
<property name="launch.keep" value="false"/>
<property name="launch.name" value="test.bndrun"/>
<property name="launch.noreferences" value="false"/>
<property name="launch.notificationPort" value="35070"/>
<property name="launch.services" value="true"/>
<property name="launch.system.packages" value="sun.misc,sun.reflect,org.osgi.dto;version=&quot;1.1.1&quot;,org.osgi.framework;version=&quot;1.10&quot;,org.osgi.framework.connect;uses:=&quot;org.osgi.framework,org.osgi.framework.launch&quot;;version=&quot;1.0&quot;,org.osgi.framework.dto;uses:=&quot;org.osgi.dto&quot;;version=&quot;1.8&quot;,org.osgi.framework.hooks.bundle;uses:=&quot;org.osgi.framework&quot;;version=&quot;1.1&quot;,org.osgi.framework.hooks.resolver;uses:=&quot;org.osgi.framework.wiring&quot;;version=&quot;1.0&quot;,org.osgi.framework.hooks.service;uses:=&quot;org.osgi.framework&quot;;version=&quot;1.1&quot;,org.osgi.framework.hooks.weaving;uses:=&quot;org.osgi.framework.wiring&quot;;version=&quot;1.1&quot;,org.osgi.framework.launch;uses:=&quot;org.osgi.framework&quot;;version=&quot;1.2&quot;,org.osgi.framework.namespace;uses:=&quot;org.osgi.resource&quot;;version=&quot;1.2&quot;,org.osgi.framework.startlevel;uses:=&quot;org.osgi.framework&quot;;version=&quot;1.0&quot;,org.osgi.framework.startlevel.dto;uses:=&quot;org.osgi.dto&quot;;version=&quot;1.0&quot;,org.osgi.framework.wiring;uses:=&quot;org.osgi.framework,org.osgi.resource&quot;;version=&quot;1.2&quot;,org.osgi.framework.wiring.dto;uses:=&quot;org.osgi.dto,org.osgi.resource.dto&quot;;version=&quot;1.3&quot;,org.osgi.resource;version=&quot;1.0.1&quot;,org.osgi.resource.dto;uses:=&quot;org.osgi.dto&quot;;version=&quot;1.0.1&quot;,org.osgi.service.condition;version=&quot;1.0&quot;,org.osgi.service.packageadmin;uses:=&quot;org.osgi.framework&quot;;version=&quot;1.2.1&quot;,org.osgi.service.resolver;uses:=&quot;org.osgi.resource&quot;;version=&quot;1.1.1&quot;,org.osgi.service.startlevel;uses:=&quot;org.osgi.framework&quot;;version=&quot;1.1.1&quot;,org.osgi.service.url;version=&quot;1.0.1&quot;,org.osgi.util.tracker;uses:=&quot;org.osgi.framework&quot;;version=&quot;1.5.3&quot;"/>
<property name="launch.timeout" value="0"/>
<property name="launch.trace" value="false"/>
<property name="launcher.properties" value="/opt/git/urban-data-platform/backend/org.eclipse.fennec.weather.sensinact.mmt.test/generated/launch5220707182350982107.properties"/>
<property name="launcher.runpath" value="/home/ilenia/.m2/repository/org/apache/felix/org.apache.felix.framework/7.0.5/org.apache.felix.framework-7.0.5.jar,/opt/git/urban-data-platform/backend/cnf/cache/7.1.0/bnd-cache/biz.aQute.launcher/biz.aQute.launcher-7.1.0.jar"/>
<property name="line.separator" value="
"/>
<property name="native.encoding" value="UTF-8"/>
<property name="os.arch" value="amd64"/>
<property name="os.name" value="Linux"/>
<property name="os.version" value="6.8.0-52-generic"/>
<property name="path.separator" value=":"/>
<property name="stderr.encoding" value="UTF-8"/>
<property name="stdout.encoding" value="UTF-8"/>
<property name="sun.arch.data.model" value="64"/>
<property name="sun.boot.library.path" value="/usr/lib/jvm/java-21-openjdk-amd64/lib"/>
<property name="sun.cpu.endian" value="little"/>
<property name="sun.io.unicode.encoding" value="UnicodeLittle"/>
<property name="sun.java.command" value="aQute.launcher.pre.EmbeddedLauncher"/>
<property name="sun.java.launcher" value="SUN_STANDARD"/>
<property name="sun.jnu.encoding" value="UTF-8"/>
<property name="sun.management.compiler" value="HotSpot 64-Bit Tiered Compilers"/>
<property name="tester.trace" value="true"/>
<property name="user.country" value="US"/>
<property name="user.dir" value="/opt/git/urban-data-platform/backend/org.eclipse.fennec.weather.sensinact.mmt.test"/>
<property name="user.home" value="/home/ilenia"/>
<property name="user.language" value="en"/>
<property name="user.name" value="ilenia"/>
<property name="user.timezone" value="Europe/Berlin"/>
</properties>
<testcase name="testAdmin(ServiceAware)" classname="org.eclipse.fennec.weather.sensinact.mmt.test.Weather2SensinactMMTTest" time="79.982">
<failure message="
Expecting actual not to be null" type="java.lang.AssertionError"><![CDATA[java.lang.AssertionError: 
Expecting actual not to be null
	at org.eclipse.fennec.weather.sensinact.mmt.test.Weather2SensinactMMTTest.testAdmin(Weather2SensinactMMTTest.java:84)
	at java.base/java.lang.reflect.Method.invoke(Method.java:580)
	at java.base/java.util.ArrayList.forEach(ArrayList.java:1596)
	at java.base/java.util.ArrayList.forEach(ArrayList.java:1596)
	at aQute.tester.bundle.engine.BundleDescriptor.executeChild(BundleDescriptor.java:49)
	at aQute.tester.bundle.engine.BundleEngine.lambda$executeBundle$7(BundleEngine.java:120)
	at java.base/java.util.stream.ForEachOps$ForEachOp$OfRef.accept(ForEachOps.java:184)
	at java.base/java.util.stream.ReferencePipeline$2$1.accept(ReferencePipeline.java:179)
	at java.base/java.util.Iterator.forEachRemaining(Iterator.java:133)
	at java.base/java.util.Spliterators$IteratorSpliterator.forEachRemaining(Spliterators.java:1939)
	at java.base/java.util.stream.AbstractPipeline.copyInto(AbstractPipeline.java:509)
	at java.base/java.util.stream.AbstractPipeline.wrapAndCopyInto(AbstractPipeline.java:499)
	at java.base/java.util.stream.ForEachOps$ForEachOp.evaluateSequential(ForEachOps.java:151)
	at java.base/java.util.stream.ForEachOps$ForEachOp$OfRef.evaluateSequential(ForEachOps.java:174)
	at java.base/java.util.stream.AbstractPipeline.evaluate(AbstractPipeline.java:234)
	at java.base/java.util.stream.ReferencePipeline.forEach(ReferencePipeline.java:596)
	at aQute.tester.bundle.engine.BundleEngine.executeBundle(BundleEngine.java:120)
	at aQute.tester.bundle.engine.BundleEngine.lambda$execute$5(BundleEngine.java:100)
	at java.base/java.util.stream.ForEachOps$ForEachOp$OfRef.accept(ForEachOps.java:184)
	at java.base/java.util.stream.ReferencePipeline$3$1.accept(ReferencePipeline.java:197)
	at java.base/java.util.stream.ReferencePipeline$2$1.accept(ReferencePipeline.java:179)
	at java.base/java.util.Iterator.forEachRemaining(Iterator.java:133)
	at java.base/java.util.Spliterators$IteratorSpliterator.forEachRemaining(Spliterators.java:1939)
	at java.base/java.util.stream.AbstractPipeline.copyInto(AbstractPipeline.java:509)
	at java.base/java.util.stream.AbstractPipeline.wrapAndCopyInto(AbstractPipeline.java:499)
	at java.base/java.util.stream.ForEachOps$ForEachOp.evaluateSequential(ForEachOps.java:151)
	at java.base/java.util.stream.ForEachOps$ForEachOp$OfRef.evaluateSequential(ForEachOps.java:174)
	at java.base/java.util.stream.AbstractPipeline.evaluate(AbstractPipeline.java:234)
	at java.base/java.util.stream.ReferencePipeline.forEach(ReferencePipeline.java:596)
	at aQute.tester.bundle.engine.BundleEngine.execute(BundleEngine.java:100)
]]></failure>
</testcase>
</testsuite>
