<?xml version="1.0" encoding="UTF-8"?>
<testsuite name="[19] org.eclipse.sensinact.gateway.core.geo-json.model.test;1.0.0.202411291233-SNAPSHOT" tests="1" skipped="0" failures="0" errors="0" time="0.112" hostname="Groundzero" timestamp="2024-11-29T13:33:44">
<properties>
<property name="file.encoding" value="UTF-8"/>
<property name="file.separator" value="\"/>
<property name="java.class.path" value="N:/git/jena/urban-data-platform/backend/cnf/cache/7.2.0/bnd-cache/biz.aQute.launcher/biz.aQute.launcher.pre.jar"/>
<property name="java.class.version" value="61.0"/>
<property name="java.home" value="N:\tools\java\jdk-17.0.3.1"/>
<property name="java.io.tmpdir" value="C:\Users\ungei\AppData\Local\Temp\"/>
<property name="java.library.path" value="N:\tools\java\jdk-17.0.3.1\bin;C:\Windows\Sun\Java\bin;C:\Windows\system32;C:\Windows;N:/tools/java/jdk-17.0.3.1/bin/server;N:/tools/java/jdk-17.0.3.1/bin;C:\Windows\system32;C:\Windows;C:\Windows\System32\Wbem;C:\Windows\System32\WindowsPowerShell\v1.0\;C:\Windows\System32\OpenSSH\;C:\Program Files\dotnet\;C:\Program Files (x86)\NVIDIA Corporation\PhysX\Common;C:\Program Files\NVIDIA Corporation\NVIDIA NvDLISR;N:\tools\Git\cmd;N:\tools\apache-ant-1.10.14\bin;C:\Program Files\Docker\Docker\resources\bin;N:\tools\java\jdk-17.0.3.1\bin;n:\tools\maven\apache-maven-3.9.5\bin\;N:\tools\nodejs\;c:\Program Files\SSHFS-Win\bin\;C:\Program Files\WireGuard\;C:\Users\ungei\AppData\Local\Microsoft\WindowsApps;;C:\Users\ungei\AppData\Local\Programs\Microsoft VS Code\bin;C:\Users\ungei\AppData\Roaming\npm;n:\tools\eclipse\jena\broker\eclipse;;."/>
<property name="java.runtime.name" value="Java(TM) SE Runtime Environment"/>
<property name="java.runtime.version" value="17.0.3.1+2-LTS-6"/>
<property name="java.specification.name" value="Java Platform API Specification"/>
<property name="java.specification.vendor" value="Oracle Corporation"/>
<property name="java.specification.version" value="17"/>
<property name="java.vendor" value="Oracle Corporation"/>
<property name="java.vendor.url" value="https://java.oracle.com/"/>
<property name="java.vendor.url.bug" value="https://bugreport.java.com/bugreport/"/>
<property name="java.version" value="17.0.3.1"/>
<property name="java.version.date" value="2022-04-22"/>
<property name="java.vm.compressedOopsMode" value="Zero based"/>
<property name="java.vm.info" value="mixed mode, sharing"/>
<property name="java.vm.name" value="Java HotSpot(TM) 64-Bit Server VM"/>
<property name="java.vm.specification.name" value="Java Virtual Machine Specification"/>
<property name="java.vm.specification.vendor" value="Oracle Corporation"/>
<property name="java.vm.specification.version" value="17"/>
<property name="java.vm.vendor" value="Oracle Corporation"/>
<property name="java.vm.version" value="17.0.3.1+2-LTS-6"/>
<property name="jdk.debug" value="release"/>
<property name="launch.activation.eager" value="false"/>
<property name="launch.activators" value=""/>
<property name="launch.bundles" value="C:/Users/ungei/.m2/repository/com/fasterxml/jackson/core/jackson-annotations/2.16.0/jackson-annotations-2.16.0.jar,C:/Users/ungei/.m2/repository/com/fasterxml/jackson/core/jackson-core/2.16.0/jackson-core-2.16.0.jar,C:/Users/ungei/.m2/repository/com/fasterxml/jackson/core/jackson-databind/2.16.0/jackson-databind-2.16.0.jar,C:/Users/ungei/.m2/repository/com/fasterxml/jackson/dataformat/jackson-dataformat-properties/2.14.1/jackson-dataformat-properties-2.14.1.jar,C:/Users/ungei/.m2/repository/com/fasterxml/jackson/dataformat/jackson-dataformat-yaml/2.16.0/jackson-dataformat-yaml-2.16.0.jar,C:/Users/ungei/.m2/repository/com/fasterxml/jackson/datatype/jackson-datatype-jsr310/2.16.0/jackson-datatype-jsr310-2.16.0.jar,C:/Users/ungei/.m2/repository/org/junit/jupiter/junit-jupiter-api/5.10.1/junit-jupiter-api-5.10.1.jar,C:/Users/ungei/.m2/repository/org/junit/jupiter/junit-jupiter-engine/5.10.1/junit-jupiter-engine-5.10.1.jar,C:/Users/ungei/.m2/repository/org/junit/jupiter/junit-jupiter-params/5.10.1/junit-jupiter-params-5.10.1.jar,C:/Users/ungei/.m2/repository/org/junit/platform/junit-platform-commons/1.10.1/junit-platform-commons-1.10.1.jar,C:/Users/ungei/.m2/repository/org/junit/platform/junit-platform-engine/1.10.1/junit-platform-engine-1.10.1.jar,C:/Users/ungei/.m2/repository/org/junit/platform/junit-platform-launcher/1.10.1/junit-platform-launcher-1.10.1.jar,C:/Users/ungei/.m2/repository/org/apache/felix/org.apache.felix.scr/2.2.12/org.apache.felix.scr-2.2.12.jar,C:/Users/ungei/.m2/repository/org/eclipse/emf/org.eclipse.emf.common/2.29.0/org.eclipse.emf.common-2.29.0.jar,C:/Users/ungei/.m2/repository/org/eclipse/emf/org.eclipse.emf.ecore/2.35.0/org.eclipse.emf.ecore-2.35.0.jar,C:/Users/ungei/.m2/repository/org/eclipse/emf/org.eclipse.emf.ecore.xmi/2.36.0/org.eclipse.emf.ecore.xmi-2.36.0.jar,C:/Users/ungei/.m2/repository/org/eclipse/emfcloud/emfjson-jackson/2.2.0/emfjson-jackson-2.2.0.jar,N:/git/jena/urban-data-platform/backend/org.eclipse.sensinact.gateway.core.geo-json.model/generated/org.eclipse.sensinact.gateway.core.geo-json.model.jar,N:/git/jena/urban-data-platform/backend/org.eclipse.sensinact.gateway.core.geo-json.model.test/generated/org.eclipse.sensinact.gateway.core.geo-json.model.test.jar,C:/Users/ungei/.m2/repository/org/geckoprojects/emf/utils/org.gecko.emf.json/1.5.1/org.gecko.emf.json-1.5.1.jar,C:/Users/ungei/.m2/repository/org/geckoprojects/emf/org.gecko.emf.osgi.component.minimal/6.2.0/org.gecko.emf.osgi.component.minimal-6.2.0.jar,C:/Users/ungei/.m2/repository/org/opentest4j/opentest4j/1.3.0/opentest4j-1.3.0.jar,C:/Users/ungei/.m2/repository/org/osgi/org.osgi.service.cm/1.6.1/org.osgi.service.cm-1.6.1.jar,C:/Users/ungei/.m2/repository/org/osgi/org.osgi.service.component/1.5.1/org.osgi.service.component-1.5.1.jar,C:/Users/ungei/.m2/repository/org/osgi/org.osgi.test.common/1.2.1/org.osgi.test.common-1.2.1.jar,C:/Users/ungei/.m2/repository/org/osgi/org.osgi.test.junit5/1.2.1/org.osgi.test.junit5-1.2.1.jar,C:/Users/ungei/.m2/repository/org/osgi/org.osgi.util.converter/1.0.9/org.osgi.util.converter-1.0.9.jar,C:/Users/ungei/.m2/repository/org/osgi/org.osgi.util.function/1.2.0/org.osgi.util.function-1.2.0.jar,C:/Users/ungei/.m2/repository/org/osgi/org.osgi.util.promise/1.3.0/org.osgi.util.promise-1.3.0.jar,C:/Users/ungei/.m2/repository/org/yaml/snakeyaml/2.3/snakeyaml-2.3.jar,C:/Users/ungei/.m2/repository/org/assertj/assertj-core/3.24.2/assertj-core-3.24.2.jar,C:/Users/ungei/.m2/repository/org/apiguardian/apiguardian-api/1.1.2/apiguardian-api-1.1.2.jar,C:/Users/ungei/.m2/repository/org/mockito/mockito-core/4.11.0/mockito-core-4.11.0.jar,C:/Users/ungei/.m2/repository/org/mockito/mockito-junit-jupiter/4.11.0/mockito-junit-jupiter-4.11.0.jar,C:/Users/ungei/.m2/repository/net/bytebuddy/byte-buddy/1.14.9/byte-buddy-1.14.9.jar,C:/Users/ungei/.m2/repository/org/objenesis/objenesis/3.3/objenesis-3.3.jar,C:/Users/ungei/.m2/repository/org/osgi/org.osgi.test.assertj.framework/1.2.1/org.osgi.test.assertj.framework-1.2.1.jar,C:/Users/ungei/.m2/repository/net/bytebuddy/byte-buddy-agent/1.14.9/byte-buddy-agent-1.14.9.jar,N:/git/jena/urban-data-platform/backend/cnf/cache/7.2.0/bnd-cache/biz.aQute.tester.junit-platform/biz.aQute.tester.junit-platform-7.2.0.jar"/>
<property name="launch.embedded" value="false"/>
<property name="launch.framework.restart" value="false"/>
<property name="launch.framework.restart.count" value="0"/>
<property name="launch.keep" value="false"/>
<property name="launch.name" value="test.bndrun"/>
<property name="launch.noreferences" value="false"/>
<property name="launch.notificationPort" value="57083"/>
<property name="launch.services" value="true"/>
<property name="launch.system.packages" value="sun.misc,sun.reflect,org.osgi.dto;version=&quot;1.1.1&quot;,org.osgi.framework;version=&quot;1.10&quot;,org.osgi.framework.connect;uses:=&quot;org.osgi.framework,org.osgi.framework.launch&quot;;version=&quot;1.0&quot;,org.osgi.framework.dto;uses:=&quot;org.osgi.dto&quot;;version=&quot;1.8&quot;,org.osgi.framework.hooks.bundle;uses:=&quot;org.osgi.framework&quot;;version=&quot;1.1&quot;,org.osgi.framework.hooks.resolver;uses:=&quot;org.osgi.framework.wiring&quot;;version=&quot;1.0&quot;,org.osgi.framework.hooks.service;uses:=&quot;org.osgi.framework&quot;;version=&quot;1.1&quot;,org.osgi.framework.hooks.weaving;uses:=&quot;org.osgi.framework.wiring&quot;;version=&quot;1.1&quot;,org.osgi.framework.launch;uses:=&quot;org.osgi.framework&quot;;version=&quot;1.2&quot;,org.osgi.framework.namespace;uses:=&quot;org.osgi.resource&quot;;version=&quot;1.2&quot;,org.osgi.framework.startlevel;uses:=&quot;org.osgi.framework&quot;;version=&quot;1.0&quot;,org.osgi.framework.startlevel.dto;uses:=&quot;org.osgi.dto&quot;;version=&quot;1.0&quot;,org.osgi.framework.wiring;uses:=&quot;org.osgi.framework,org.osgi.resource&quot;;version=&quot;1.2&quot;,org.osgi.framework.wiring.dto;uses:=&quot;org.osgi.dto,org.osgi.resource.dto&quot;;version=&quot;1.3&quot;,org.osgi.resource;version=&quot;1.0.1&quot;,org.osgi.resource.dto;uses:=&quot;org.osgi.dto&quot;;version=&quot;1.0.1&quot;,org.osgi.service.condition;version=&quot;1.0&quot;,org.osgi.service.packageadmin;uses:=&quot;org.osgi.framework&quot;;version=&quot;1.2.1&quot;,org.osgi.service.resolver;uses:=&quot;org.osgi.resource&quot;;version=&quot;1.1.1&quot;,org.osgi.service.startlevel;uses:=&quot;org.osgi.framework&quot;;version=&quot;1.1.1&quot;,org.osgi.service.url;version=&quot;1.0.1&quot;,org.osgi.util.tracker;uses:=&quot;org.osgi.framework&quot;;version=&quot;1.5.3&quot;"/>
<property name="launch.timeout" value="0"/>
<property name="launch.trace" value="true"/>
<property name="launcher.properties" value="N:\git\jena\urban-data-platform\backend\org.eclipse.sensinact.gateway.core.geo-json.model.test\generated\launch4960971662189066736.properties"/>
<property name="launcher.runpath" value="C:/Users/ungei/.m2/repository/org/apache/felix/org.apache.felix.framework/7.0.5/org.apache.felix.framework-7.0.5.jar,N:/git/jena/urban-data-platform/backend/cnf/cache/7.2.0/bnd-cache/biz.aQute.launcher/biz.aQute.launcher-7.2.0.jar"/>
<property name="line.separator" value="
"/>
<property name="native.encoding" value="Cp1252"/>
<property name="os.arch" value="amd64"/>
<property name="os.name" value="Windows 11"/>
<property name="os.version" value="10.0"/>
<property name="path.separator" value=";"/>
<property name="stderr.encoding" value="UTF-8"/>
<property name="stdout.encoding" value="UTF-8"/>
<property name="sun.arch.data.model" value="64"/>
<property name="sun.boot.library.path" value="N:\tools\java\jdk-17.0.3.1\bin"/>
<property name="sun.cpu.endian" value="little"/>
<property name="sun.cpu.isalist" value="amd64"/>
<property name="sun.io.unicode.encoding" value="UnicodeLittle"/>
<property name="sun.java.command" value="aQute.launcher.pre.EmbeddedLauncher"/>
<property name="sun.java.launcher" value="SUN_STANDARD"/>
<property name="sun.jnu.encoding" value="Cp1252"/>
<property name="sun.management.compiler" value="HotSpot 64-Bit Tiered Compilers"/>
<property name="sun.os.patch.level" value=""/>
<property name="tester.trace" value="true"/>
<property name="user.country" value="US"/>
<property name="user.country.format" value="DE"/>
<property name="user.dir" value="N:\git\jena\urban-data-platform\backend\org.eclipse.sensinact.gateway.core.geo-json.model.test"/>
<property name="user.home" value="C:\Users\ungei"/>
<property name="user.language" value="en"/>
<property name="user.name" value="ungei"/>
<property name="user.script" value=""/>
<property name="user.timezone" value="Europe/Berlin"/>
<property name="user.variant" value=""/>
</properties>
<testcase name="test(ResourceSet)" classname="org.eclipse.sensinact.gateway.core.geo_json.model.test.ExampleTest" time="0.069">
<system-out><![CDATA[Running Test
{
  "type" : "Point",
  "bbox" : [ ]
}]]></system-out>
</testcase>
</testsuite>
